<?xml version="1.0" encoding="UTF-8"?>
<!-- Generated by org.testng.reporters.JUnitReportReporter -->
<testsuite hostname="SHREENIBAS" failures="0" tests="9" name="com.toneop.care.HomePageTest" time="129.063" errors="0" timestamp="2025-09-21T21:39:03 IST" skipped="0">
  <testcase classname="com.toneop.care.HomePageTest" name="launchHomePage" time="10.746"/>
  <system-out/>
  <testcase classname="com.toneop.care.HomePageTest" name="verifyNavigationMenuListsIsVisiableAndClickble" time="10.861"/>
  <system-out/>
  <testcase classname="com.toneop.care.HomePageTest" name="verifyBestsellersBannersPromotionsFeaturedProductsDisplayed" time="15.880"/>
  <system-out/>
  <testcase classname="com.toneop.care.HomePageTest" name="getUrl" time="12.942"/>
  <system-out/>
  <testcase classname="com.toneop.care.HomePageTest" name="verifyTooltipItemByEnteringProductOnSearchInput" time="22.259"/>
  <system-out/>
  <testcase classname="com.toneop.care.HomePageTest" name="getTitle" time="11.830"/>
  <system-out/>
  <testcase classname="com.toneop.care.HomePageTest" name="verifyCartIconWorkingOrNotAndPageIsOpenOrNot" time="10.665"/>
  <system-out/>
  <testcase classname="com.toneop.care.HomePageTest" name="verifyProfileIconWorkingOrNotAndProfileModalIsOpenOrNot" time="18.049"/>
  <system-out/>
  <testcase classname="com.toneop.care.HomePageTest" name="verifyWhatsAppLinkWorkOrNot" time="15.831"/>
  <system-out/>
</testsuite> <!-- com.toneop.care.HomePageTest -->
